<testsuites id="" name="" tests="5" failures="0" skipped="5" errors="0" time="0.04601400000000007">
<testsuite name="asap-only/asap-dispatch-lifecycle.spec.ts" timestamp="2026-07-07T12:58:49.028Z" hostname="rider-creates-ride" tests="5" failures="0" skipped="5" time="0" errors="0">
<testcase name="ASAP Only — Dispatch Lifecycle @asap @dispatch-lifecycle › @dispatch-lifecycle DISPATCH_001: Create → assign driver → complete" classname="asap-only/asap-dispatch-lifecycle.spec.ts">
<skipped>
</skipped>
</testcase>
<testcase name="ASAP Only — Dispatch Lifecycle @asap @dispatch-lifecycle › @dispatch-lifecycle DISPATCH_002: Create → assign driver → cancel" classname="asap-only/asap-dispatch-lifecycle.spec.ts">
<skipped>
</skipped>
</testcase>
<testcase name="ASAP Only — Dispatch Lifecycle @asap @dispatch-lifecycle › @dispatch-lifecycle DISPATCH_003: Driver assignment updates rider tracking UI in real time" classname="asap-only/asap-dispatch-lifecycle.spec.ts">
<skipped>
</skipped>
</testcase>
<testcase name="ASAP Only — Dispatch Lifecycle @asap @dispatch-lifecycle › @dispatch-lifecycle DISPATCH_004: Full journey — submitted → assigned → start → complete (UI at each screen)" classname="asap-only/asap-dispatch-lifecycle.spec.ts">
<skipped>
</skipped>
</testcase>
<testcase name="ASAP Only — Dispatch Lifecycle @asap @dispatch-lifecycle › @dispatch-lifecycle DISPATCH_005: Full journey — pick up (granular) → drop off → complete" classname="asap-only/asap-dispatch-lifecycle.spec.ts">
<skipped>
</skipped>
</testcase>
</testsuite>
</testsuites>